#
# There is insufficient memory for the Java Runtime Environment to continue.
# Native memory allocation (malloc) failed to allocate 2339056 bytes for Chunk::new
# Possible reasons:
#   The system is out of physical RAM or swap space
#   The process is running with CompressedOops enabled, and the Java Heap may be blocking the growth of the native heap
# Possible solutions:
#   Reduce memory load on the system
#   Increase physical memory or swap space
#   Check if swap backing store is full
#   Decrease Java heap size (-Xmx/-Xms)
#   Decrease number of Java threads
#   Decrease Java thread stack sizes (-Xss)
#   Set larger code cache with -XX:ReservedCodeCacheSize=
#   JVM is running with Unscaled Compressed Oops mode in which the Java heap is
#     placed in the first 4GB address space. The Java Heap base address is the
#     maximum limit for the native heap growth. Please use -XX:HeapBaseMinAddress
#     to set the Java Heap base and to place the Java Heap above 4GB virtual address.
# This output file may be truncated or incomplete.
#
#  Out of Memory Error (./src/hotspot/share/memory/arena.cpp:197), pid=9908, tid=9940
#
# JRE version: OpenJDK Runtime Environment (11.0.12+7) (build 11.0.12+7-b1504.28-7817840)
# Java VM: OpenJDK 64-Bit Server VM (11.0.12+7-b1504.28-7817840, mixed mode, tiered, compressed oops, g1 gc, windows-amd64)
# No core dump will be written. Minidumps are not enabled by default on client versions of Windows
#

---------------  S U M M A R Y ------------

Command Line: --add-opens=java.base/java.util=ALL-UNNAMED --add-opens=java.base/java.lang=ALL-UNNAMED --add-opens=java.base/java.lang.invoke=ALL-UNNAMED --add-opens=java.base/java.util=ALL-UNNAMED --add-opens=java.prefs/java.util.prefs=ALL-UNNAMED --add-opens=java.prefs/java.util.prefs=ALL-UNNAMED --add-opens=java.base/java.nio.charset=ALL-UNNAMED --add-opens=java.base/java.net=ALL-UNNAMED --add-opens=java.base/java.util.concurrent.atomic=ALL-UNNAMED -Xmx2048m -Dfile.encoding=UTF-8 -Duser.country=RU -Duser.language=ru -Duser.variant org.gradle.launcher.daemon.bootstrap.GradleDaemon 7.3.3

Host: Intel(R) Core(TM) i3-8130U CPU @ 2.20GHz, 4 cores, 7G,  Windows 10 , 64 bit Build 19041 (10.0.19041.1706)
Time: Sat Jun 18 13:20:47 2022 RTZ 2 (зима) elapsed time: 3921.762794 seconds (0d 1h 5m 21s)

---------------  T H R E A D  ---------------

Current thread (0x0000020bf1345000):  JavaThread "C2 CompilerThread1" daemon [_thread_in_native, id=9940, stack(0x0000003634200000,0x0000003634300000)]


Current CompileTask:
C2:3921762 25158       4       java.io.ObjectOutputStream::writeClassDesc (60 bytes)

Stack: [0x0000003634200000,0x0000003634300000]
Native frames: (J=compiled Java code, j=interpreted, Vv=VM code, C=native code)
V  [jvm.dll+0x5fbcea]
V  [jvm.dll+0x731905]
V  [jvm.dll+0x732f1d]
V  [jvm.dll+0x7335d3]
V  [jvm.dll+0x247bf8]
V  [jvm.dll+0xc018c]
V  [jvm.dll+0xc06cc]
V  [jvm.dll+0x35b2db]
V  [jvm.dll+0x328803]
V  [jvm.dll+0x327cfa]
V  [jvm.dll+0x200602]
V  [jvm.dll+0x1ff794]
V  [jvm.dll+0x18868c]
V  [jvm.dll+0x20e0d7]
V  [jvm.dll+0x20c901]
V  [jvm.dll+0x6f9b7f]
V  [jvm.dll+0x6f26a5]
V  [jvm.dll+0x5fabf6]
C  [ucrtbase.dll+0x21bb2]
C  [KERNEL32.DLL+0x17034]
C  [ntdll.dll+0x52651]


---------------  P R O C E S S  ---------------

Threads class SMR info:
_java_thread_list=0x0000020bf7214370, length=39, elements={
0x0000020bd3a80800, 0x0000020bed677800, 0x0000020bed681000, 0x0000020bed696000,
0x0000020bed697000, 0x0000020bed698800, 0x0000020bed6a1000, 0x0000020bed6a2000,
0x0000020bed6a3800, 0x0000020bee164800, 0x0000020bef444000, 0x0000020bef4c3800,
0x0000020beffe5000, 0x0000020bee34e000, 0x0000020bee349000, 0x0000020bee34a800,
0x0000020bee34b800, 0x0000020bee34a000, 0x0000020bee34f000, 0x0000020bee34c800,
0x0000020bee34d000, 0x0000020bf39b3800, 0x0000020bf39ba000, 0x0000020bf39b6800,
0x0000020bf1351000, 0x0000020bf1352000, 0x0000020bf71c7000, 0x0000020bf39b9000,
0x0000020bf71ca000, 0x0000020bf97a4800, 0x0000020bf97ad000, 0x0000020bf71d1800,
0x0000020bf39b2000, 0x0000020bf39b2800, 0x0000020bf39bb000, 0x0000020bf39bb800,
0x0000020bf39b6000, 0x0000020bf1345000, 0x0000020bf97ac800
}

Java Threads: ( => current thread )
  0x0000020bd3a80800 JavaThread "main" [_thread_blocked, id=11740, stack(0x0000003631800000,0x0000003631900000)]
  0x0000020bed677800 JavaThread "Reference Handler" daemon [_thread_blocked, id=6284, stack(0x0000003631f00000,0x0000003632000000)]
  0x0000020bed681000 JavaThread "Finalizer" daemon [_thread_blocked, id=8320, stack(0x0000003632000000,0x0000003632100000)]
  0x0000020bed696000 JavaThread "Signal Dispatcher" daemon [_thread_blocked, id=10056, stack(0x0000003632100000,0x0000003632200000)]
  0x0000020bed697000 JavaThread "Attach Listener" daemon [_thread_blocked, id=8104, stack(0x0000003632200000,0x0000003632300000)]
  0x0000020bed698800 JavaThread "Service Thread" daemon [_thread_blocked, id=1908, stack(0x0000003632300000,0x0000003632400000)]
  0x0000020bed6a1000 JavaThread "C2 CompilerThread0" daemon [_thread_in_native, id=2872, stack(0x0000003632400000,0x0000003632500000)]
  0x0000020bed6a2000 JavaThread "C1 CompilerThread0" daemon [_thread_blocked, id=2472, stack(0x0000003632500000,0x0000003632600000)]
  0x0000020bed6a3800 JavaThread "Sweeper thread" daemon [_thread_blocked, id=10328, stack(0x0000003632600000,0x0000003632700000)]
  0x0000020bee164800 JavaThread "Common-Cleaner" daemon [_thread_blocked, id=10368, stack(0x0000003632700000,0x0000003632800000)]
  0x0000020bef444000 JavaThread "Daemon health stats" [_thread_blocked, id=10216, stack(0x0000003632c00000,0x0000003632d00000)]
  0x0000020bef4c3800 JavaThread "Incoming local TCP Connector on port 63071" [_thread_in_native, id=5464, stack(0x0000003632900000,0x0000003632a00000)]
  0x0000020beffe5000 JavaThread "Daemon periodic checks" [_thread_blocked, id=8292, stack(0x0000003632d00000,0x0000003632e00000)]
  0x0000020bee34e000 JavaThread "Cache worker for journal cache (C:\Users\Dmitriy\.gradle\caches\journal-1)" [_thread_blocked, id=8124, stack(0x0000003633600000,0x0000003633700000)]
  0x0000020bee349000 JavaThread "File lock request listener" [_thread_in_native, id=7748, stack(0x0000003633700000,0x0000003633800000)]
  0x0000020bee34a800 JavaThread "Cache worker for file hash cache (C:\Users\Dmitriy\.gradle\caches\7.3.3\fileHashes)" [_thread_blocked, id=7960, stack(0x0000003633800000,0x0000003633900000)]
  0x0000020bee34b800 JavaThread "File watcher server" daemon [_thread_in_native, id=1912, stack(0x0000003633b00000,0x0000003633c00000)]
  0x0000020bee34a000 JavaThread "File watcher consumer" daemon [_thread_blocked, id=12272, stack(0x0000003633c00000,0x0000003633d00000)]
  0x0000020bee34f000 JavaThread "jar transforms" [_thread_blocked, id=4488, stack(0x0000003633d00000,0x0000003633e00000)]
  0x0000020bee34c800 JavaThread "jar transforms Thread 2" [_thread_blocked, id=4004, stack(0x0000003633e00000,0x0000003633f00000)]
  0x0000020bee34d000 JavaThread "jar transforms Thread 3" [_thread_blocked, id=9024, stack(0x0000003633f00000,0x0000003634000000)]
  0x0000020bf39b3800 JavaThread "jar transforms Thread 4" [_thread_blocked, id=1176, stack(0x0000003634000000,0x0000003634100000)]
  0x0000020bf39ba000 JavaThread "Cache worker for execution history cache (C:\Users\Dmitriy\.gradle\caches\7.3.3\executionHistory)" [_thread_blocked, id=7104, stack(0x0000003634400000,0x0000003634500000)]
  0x0000020bf39b6800 JavaThread "Cache worker for file content cache (C:\Users\Dmitriy\.gradle\caches\7.3.3\fileContent)" [_thread_blocked, id=2640, stack(0x0000003634500000,0x0000003634600000)]
  0x0000020bf1351000 JavaThread "Memory manager" [_thread_blocked, id=8756, stack(0x0000003637000000,0x0000003637100000)]
  0x0000020bf1352000 JavaThread "pool-3-thread-1" [_thread_blocked, id=1936, stack(0x0000003637300000,0x0000003637400000)]
  0x0000020bf71c7000 JavaThread "pool-6-thread-1" [_thread_blocked, id=7144, stack(0x0000003636e00000,0x0000003636f00000)]
  0x0000020bf39b9000 JavaThread "pool-9-thread-1" [_thread_blocked, id=7076, stack(0x0000003636f00000,0x0000003637000000)]
  0x0000020bf71ca000 JavaThread "pool-12-thread-1" [_thread_blocked, id=7504, stack(0x0000003637100000,0x0000003637200000)]
  0x0000020bf97a4800 JavaThread "Cache worker for Java compile cache (C:\Users\Dmitriy\.gradle\caches\7.3.3\javaCompile)" [_thread_blocked, id=2012, stack(0x0000003637f00000,0x0000003638000000)]
  0x0000020bf97ad000 JavaThread "ForkJoinPool.commonPool-worker-5" daemon [_thread_blocked, id=8704, stack(0x0000003637e00000,0x0000003637f00000)]
  0x0000020bf71d1800 JavaThread "pool-17-thread-1" [_thread_blocked, id=10552, stack(0x0000003637200000,0x0000003637300000)]
  0x0000020bf39b2000 JavaThread "Daemon Thread 4" [_thread_in_Java, id=3020, stack(0x0000003631500000,0x0000003631600000)]
  0x0000020bf39b2800 JavaThread "Handler for socket connection from /127.0.0.1:63071 to /127.0.0.1:63824" [_thread_in_native, id=1472, stack(0x0000003631600000,0x0000003631700000)]
  0x0000020bf39bb000 JavaThread "Cancel handler" [_thread_blocked, id=11936, stack(0x0000003631700000,0x0000003631800000)]
  0x0000020bf39bb800 JavaThread "Daemon worker Thread 4" [_thread_blocked, id=2324, stack(0x0000003632e00000,0x0000003632f00000)]
=>0x0000020bf1345000 JavaThread "C2 CompilerThread1" daemon [_thread_in_native, id=9940, stack(0x0000003634200000,0x0000003634300000)]
  0x0000020bf97ac800 JavaThread "pool-22-thread-1" [_thread_blocked, id=1892, stack(0x0000003637400000,0x0000003637500000)]

Other Threads:
  0x0000020bed671800 VMThread "VM Thread" [stack: 0x0000003631e00000,0x0000003631f00000] [id=3308]
  0x0000020bee16d000 WatcherThread [stack: 0x0000003632800000,0x0000003632900000] [id=2100]
  0x0000020bd3a99000 GCTaskThread "GC Thread#0" [stack: 0x0000003631900000,0x0000003631a00000] [id=7964]
  0x0000020bee6b0000 GCTaskThread "GC Thread#1" [stack: 0x0000003632a00000,0x0000003632b00000] [id=7284]
  0x0000020beec9c800 GCTaskThread "GC Thread#2" [stack: 0x0000003632b00000,0x0000003632c00000] [id=4444]
  0x0000020bef846800 GCTaskThread "GC Thread#3" [stack: 0x0000003633500000,0x0000003633600000] [id=4668]
  0x0000020bd3acb000 ConcurrentGCThread "G1 Main Marker" [stack: 0x0000003631a00000,0x0000003631b00000] [id=1568]
  0x0000020bd3acc800 ConcurrentGCThread "G1 Conc#0" [stack: 0x0000003631b00000,0x0000003631c00000] [id=10012]
  0x0000020bd3b5d000 ConcurrentGCThread "G1 Refine#0" [stack: 0x0000003631c00000,0x0000003631d00000] [id=7556]
  0x0000020bd3b5e000 ConcurrentGCThread "G1 Young RemSet Sampling" [stack: 0x0000003631d00000,0x0000003631e00000] [id=4168]

Threads with active compile tasks:
C2 CompilerThread03921830 25221  s!   4       org.gradle.internal.service.DefaultServiceRegistry$ManagedObjectServiceProvider::stop (59 bytes)
C2 CompilerThread13921830 25158       4       java.io.ObjectOutputStream::writeClassDesc (60 bytes)

VM state:not at safepoint (normal execution)

VM Mutex/Monitor currently owned by a thread: None

Heap address: 0x0000000080000000, size: 2048 MB, Compressed Oops mode: 32-bit
Narrow klass base: 0x0000000000000000, Narrow klass shift: 3
Compressed class space size: 1073741824 Address: 0x0000000100000000

Heap:
 garbage-first heap   total 227328K, used 169618K [0x0000000080000000, 0x0000000100000000)
  region size 1024K, 37 young (37888K), 2 survivors (2048K)
 Metaspace       used 146535K, capacity 150402K, committed 150604K, reserved 1179648K
  class space    used 17958K, capacity 19435K, committed 19532K, reserved 1048576K
Heap Regions: E=young(eden), S=young(survivor), O=old, HS=humongous(starts), HC=humongous(continues), CS=collection set, F=free, A=archive, TAMS=top-at-mark-start (previous, next)
|   0|0x0000000080000000, 0x0000000080100000, 0x0000000080100000|100%| O|  |TAMS 0x0000000080100000, 0x0000000080000000| Untracked 
|   1|0x0000000080100000, 0x0000000080200000, 0x0000000080200000|100%| O|  |TAMS 0x0000000080200000, 0x0000000080100000| Complete 
|   2|0x0000000080200000, 0x0000000080300000, 0x0000000080300000|100%| O|  |TAMS 0x0000000080300000, 0x0000000080200000| Untracked 
|   3|0x0000000080300000, 0x0000000080400000, 0x0000000080400000|100%|HS|  |TAMS 0x0000000080400000, 0x0000000080300000| Complete 
|   4|0x0000000080400000, 0x0000000080500000, 0x0000000080500000|100%|HC|  |TAMS 0x0000000080500000, 0x0000000080400000| Complete 
|   5|0x0000000080500000, 0x0000000080600000, 0x0000000080600000|100%|HC|  |TAMS 0x0000000080600000, 0x0000000080500000| Complete 
|   6|0x0000000080600000, 0x0000000080700000, 0x0000000080700000|100%| O|  |TAMS 0x0000000080700000, 0x0000000080600000| Untracked 
|   7|0x0000000080700000, 0x0000000080800000, 0x0000000080800000|100%| O|  |TAMS 0x0000000080800000, 0x0000000080700000| Untracked 
|   8|0x0000000080800000, 0x0000000080900000, 0x0000000080900000|100%| O|  |TAMS 0x0000000080900000, 0x0000000080800000| Complete 
|   9|0x0000000080900000, 0x0000000080a00000, 0x0000000080a00000|100%| O|  |TAMS 0x0000000080a00000, 0x0000000080900000| Complete 
|  10|0x0000000080a00000, 0x0000000080b00000, 0x0000000080b00000|100%| O|  |TAMS 0x0000000080b00000, 0x0000000080a00000| Complete 
|  11|0x0000000080b00000, 0x0000000080c00000, 0x0000000080c00000|100%| O|  |TAMS 0x0000000080c00000, 0x0000000080b00000| Complete 
|  12|0x0000000080c00000, 0x0000000080d00000, 0x0000000080d00000|100%| O|  |TAMS 0x0000000080d00000, 0x0000000080c00000| Untracked 
|  13|0x0000000080d00000, 0x0000000080e00000, 0x0000000080e00000|100%| O|  |TAMS 0x0000000080e00000, 0x0000000080d00000| Untracked 
|  14|0x0000000080e00000, 0x0000000080f00000, 0x0000000080f00000|100%| O|  |TAMS 0x0000000080f00000, 0x0000000080e00000| Untracked 
|  15|0x0000000080f00000, 0x0000000081000000, 0x0000000081000000|100%| O|  |TAMS 0x0000000081000000, 0x0000000080f00000| Complete 
|  16|0x0000000081000000, 0x0000000081100000, 0x0000000081100000|100%|HS|  |TAMS 0x0000000081100000, 0x0000000081000000| Complete 
|  17|0x0000000081100000, 0x0000000081200000, 0x0000000081200000|100%|HC|  |TAMS 0x0000000081200000, 0x0000000081100000| Complete 
|  18|0x0000000081200000, 0x0000000081300000, 0x0000000081300000|100%|HS|  |TAMS 0x0000000081300000, 0x0000000081200000| Complete 
|  19|0x0000000081300000, 0x0000000081400000, 0x0000000081400000|100%|HC|  |TAMS 0x0000000081400000, 0x0000000081300000| Complete 
|  20|0x0000000081400000, 0x0000000081500000, 0x0000000081500000|100%|HC|  |TAMS 0x0000000081500000, 0x0000000081400000| Complete 
|  21|0x0000000081500000, 0x0000000081600000, 0x0000000081600000|100%|HS|  |TAMS 0x0000000081600000, 0x0000000081500000| Complete 
|  22|0x0000000081600000, 0x0000000081700000, 0x0000000081700000|100%|HS|  |TAMS 0x0000000081700000, 0x0000000081600000| Complete 
|  23|0x0000000081700000, 0x0000000081800000, 0x0000000081800000|100%|HC|  |TAMS 0x0000000081800000, 0x0000000081700000| Complete 
|  24|0x0000000081800000, 0x0000000081900000, 0x0000000081900000|100%|HC|  |TAMS 0x0000000081900000, 0x0000000081800000| Complete 
|  25|0x0000000081900000, 0x0000000081a00000, 0x0000000081a00000|100%|HC|  |TAMS 0x0000000081a00000, 0x0000000081900000| Complete 
|  26|0x0000000081a00000, 0x0000000081b00000, 0x0000000081b00000|100%| O|  |TAMS 0x0000000081b00000, 0x0000000081a00000| Untracked 
|  27|0x0000000081b00000, 0x0000000081c00000, 0x0000000081c00000|100%| O|  |TAMS 0x0000000081c00000, 0x0000000081b00000| Untracked 
|  28|0x0000000081c00000, 0x0000000081d00000, 0x0000000081d00000|100%| O|  |TAMS 0x0000000081d00000, 0x0000000081c00000| Untracked 
|  29|0x0000000081d00000, 0x0000000081e00000, 0x0000000081e00000|100%| O|  |TAMS 0x0000000081e00000, 0x0000000081d00000| Untracked 
|  30|0x0000000081e00000, 0x0000000081f00000, 0x0000000081f00000|100%| O|  |TAMS 0x0000000081f00000, 0x0000000081e00000| Complete 
|  31|0x0000000081f00000, 0x0000000082000000, 0x0000000082000000|100%| O|  |TAMS 0x0000000082000000, 0x0000000081f00000| Complete 
|  32|0x0000000082000000, 0x0000000082100000, 0x0000000082100000|100%| O|  |TAMS 0x0000000082100000, 0x0000000082000000| Complete 
|  33|0x0000000082100000, 0x0000000082200000, 0x0000000082200000|100%| O|  |TAMS 0x0000000082200000, 0x0000000082100000| Complete 
|  34|0x0000000082200000, 0x0000000082300000, 0x0000000082300000|100%| O|  |TAMS 0x0000000082300000, 0x0000000082200000| Complete 
|  35|0x0000000082300000, 0x0000000082400000, 0x0000000082400000|100%| O|  |TAMS 0x0000000082400000, 0x0000000082300000| Complete 
|  36|0x0000000082400000, 0x0000000082500000, 0x0000000082500000|100%| O|  |TAMS 0x0000000082500000, 0x0000000082400000| Untracked 
|  37|0x0000000082500000, 0x0000000082600000, 0x0000000082600000|100%| O|  |TAMS 0x0000000082600000, 0x0000000082500000| Complete 
|  38|0x0000000082600000, 0x0000000082700000, 0x0000000082700000|100%| O|  |TAMS 0x0000000082700000, 0x0000000082600000| Complete 
|  39|0x0000000082700000, 0x0000000082800000, 0x0000000082800000|100%| O|  |TAMS 0x0000000082800000, 0x0000000082700000| Complete 
|  40|0x0000000082800000, 0x0000000082900000, 0x0000000082900000|100%|HS|  |TAMS 0x0000000082900000, 0x0000000082800000| Complete 
|  41|0x0000000082900000, 0x0000000082a00000, 0x0000000082a00000|100%|HC|  |TAMS 0x0000000082a00000, 0x0000000082900000| Complete 
|  42|0x0000000082a00000, 0x0000000082b00000, 0x0000000082b00000|100%|HC|  |TAMS 0x0000000082b00000, 0x0000000082a00000| Complete 
|  43|0x0000000082b00000, 0x0000000082c00000, 0x0000000082c00000|100%|HS|  |TAMS 0x0000000082c00000, 0x0000000082b00000| Complete 
|  44|0x0000000082c00000, 0x0000000082d00000, 0x0000000082d00000|100%| O|  |TAMS 0x0000000082d00000, 0x0000000082c00000| Complete 
|  45|0x0000000082d00000, 0x0000000082e00000, 0x0000000082e00000|100%| O|  |TAMS 0x0000000082e00000, 0x0000000082d00000| Complete 
|  46|0x0000000082e00000, 0x0000000082f00000, 0x0000000082f00000|100%| O|  |TAMS 0x0000000082f00000, 0x0000000082e00000| Untracked 
|  47|0x0000000082f00000, 0x0000000083000000, 0x0000000083000000|100%|HS|  |TAMS 0x0000000083000000, 0x0000000082f00000| Complete 
|  48|0x0000000083000000, 0x0000000083100000, 0x0000000083100000|100%|HC|  |TAMS 0x0000000083100000, 0x0000000083000000| Complete 
|  49|0x0000000083100000, 0x0000000083200000, 0x0000000083200000|100%|HC|  |TAMS 0x0000000083200000, 0x0000000083100000| Complete 
|  50|0x0000000083200000, 0x0000000083300000, 0x0000000083300000|100%|HC|  |TAMS 0x0000000083300000, 0x0000000083200000| Complete 
|  51|0x0000000083300000, 0x0000000083400000, 0x0000000083400000|100%| O|  |TAMS 0x0000000083400000, 0x0000000083300000| Complete 
|  52|0x0000000083400000, 0x0000000083500000, 0x0000000083500000|100%| O|  |TAMS 0x0000000083500000, 0x0000000083400000| Untracked 
|  53|0x0000000083500000, 0x0000000083600000, 0x0000000083600000|100%| O|  |TAMS 0x0000000083600000, 0x0000000083500000| Complete 
|  54|0x0000000083600000, 0x0000000083700000, 0x0000000083700000|100%|HS|  |TAMS 0x0000000083700000, 0x0000000083600000| Complete 
|  55|0x0000000083700000, 0x0000000083800000, 0x0000000083800000|100%|HS|  |TAMS 0x0000000083800000, 0x0000000083700000| Complete 
|  56|0x0000000083800000, 0x0000000083900000, 0x0000000083900000|100%|HS|  |TAMS 0x0000000083900000, 0x0000000083800000| Complete 
|  57|0x0000000083900000, 0x0000000083a00000, 0x0000000083a00000|100%|HC|  |TAMS 0x0000000083a00000, 0x0000000083900000| Complete 
|  58|0x0000000083a00000, 0x0000000083b00000, 0x0000000083b00000|100%| O|  |TAMS 0x0000000083b00000, 0x0000000083a00000| Untracked 
|  59|0x0000000083b00000, 0x0000000083c00000, 0x0000000083c00000|100%| O|  |TAMS 0x0000000083c00000, 0x0000000083b00000| Untracked 
|  60|0x0000000083c00000, 0x0000000083d00000, 0x0000000083d00000|100%| O|  |TAMS 0x0000000083d00000, 0x0000000083c00000| Complete 
|  61|0x0000000083d00000, 0x0000000083e00000, 0x0000000083e00000|100%| O|  |TAMS 0x0000000083e00000, 0x0000000083d00000| Complete 
|  62|0x0000000083e00000, 0x0000000083f00000, 0x0000000083f00000|100%| O|  |TAMS 0x0000000083f00000, 0x0000000083e00000| Complete 
|  63|0x0000000083f00000, 0x0000000084000000, 0x0000000084000000|100%| O|  |TAMS 0x0000000084000000, 0x0000000083f00000| Complete 
|  64|0x0000000084000000, 0x0000000084100000, 0x0000000084100000|100%| O|  |TAMS 0x0000000084100000, 0x0000000084000000| Untracked 
|  65|0x0000000084100000, 0x0000000084200000, 0x0000000084200000|100%| O|  |TAMS 0x0000000084200000, 0x0000000084100000| Untracked 
|  66|0x0000000084200000, 0x0000000084300000, 0x0000000084300000|100%| O|  |TAMS 0x0000000084300000, 0x0000000084200000| Untracked 
|  67|0x0000000084300000, 0x0000000084400000, 0x0000000084400000|100%| O|  |TAMS 0x0000000084400000, 0x0000000084300000| Untracked 
|  68|0x0000000084400000, 0x0000000084500000, 0x0000000084500000|100%| O|  |TAMS 0x0000000084500000, 0x0000000084400000| Untracked 
|  69|0x0000000084500000, 0x0000000084600000, 0x0000000084600000|100%| O|  |TAMS 0x0000000084600000, 0x0000000084500000| Untracked 
|  70|0x0000000084600000, 0x0000000084700000, 0x0000000084700000|100%| O|  |TAMS 0x0000000084700000, 0x0000000084600000| Untracked 
|  71|0x0000000084700000, 0x0000000084800000, 0x0000000084800000|100%| O|  |TAMS 0x0000000084800000, 0x0000000084700000| Complete 
|  72|0x0000000084800000, 0x0000000084900000, 0x0000000084900000|100%| O|  |TAMS 0x0000000084900000, 0x0000000084800000| Complete 
|  73|0x0000000084900000, 0x0000000084a00000, 0x0000000084a00000|100%| O|  |TAMS 0x0000000084a00000, 0x0000000084900000| Complete 
|  74|0x0000000084a00000, 0x0000000084b00000, 0x0000000084b00000|100%| O|  |TAMS 0x0000000084b00000, 0x0000000084a00000| Untracked 
|  75|0x0000000084b00000, 0x0000000084c00000, 0x0000000084c00000|100%| O|  |TAMS 0x0000000084c00000, 0x0000000084b00000| Untracked 
|  76|0x0000000084c00000, 0x0000000084c00000, 0x0000000084d00000|  0%| F|  |TAMS 0x0000000084c00000, 0x0000000084c00000| Untracked 
|  77|0x0000000084d00000, 0x0000000084e00000, 0x0000000084e00000|100%|HS|  |TAMS 0x0000000084e00000, 0x0000000084d00000| Complete 
|  78|0x0000000084e00000, 0x0000000084f00000, 0x0000000084f00000|100%|HC|  |TAMS 0x0000000084f00000, 0x0000000084e00000| Complete 
|  79|0x0000000084f00000, 0x0000000085000000, 0x0000000085000000|100%|HS|  |TAMS 0x0000000085000000, 0x0000000084f00000| Complete 
|  80|0x0000000085000000, 0x0000000085100000, 0x0000000085100000|100%|HC|  |TAMS 0x0000000085100000, 0x0000000085000000| Complete 
|  81|0x0000000085100000, 0x0000000085200000, 0x0000000085200000|100%|HC|  |TAMS 0x0000000085200000, 0x0000000085100000| Complete 
|  82|0x0000000085200000, 0x0000000085300000, 0x0000000085300000|100%|HS|  |TAMS 0x0000000085300000, 0x0000000085200000| Complete 
|  83|0x0000000085300000, 0x0000000085400000, 0x0000000085400000|100%| O|  |TAMS 0x0000000085400000, 0x0000000085300000| Complete 
|  84|0x0000000085400000, 0x0000000085500000, 0x0000000085500000|100%| O|  |TAMS 0x0000000085500000, 0x0000000085400000| Complete 
|  85|0x0000000085500000, 0x0000000085500000, 0x0000000085600000|  0%| F|  |TAMS 0x0000000085500000, 0x0000000085500000| Untracked 
|  86|0x0000000085600000, 0x0000000085600000, 0x0000000085700000|  0%| F|  |TAMS 0x0000000085600000, 0x0000000085600000| Untracked 
|  87|0x0000000085700000, 0x0000000085800000, 0x0000000085800000|100%|HS|  |TAMS 0x0000000085800000, 0x0000000085700000| Complete 
|  88|0x0000000085800000, 0x0000000085900000, 0x0000000085900000|100%|HC|  |TAMS 0x0000000085900000, 0x0000000085800000| Complete 
|  89|0x0000000085900000, 0x0000000085a00000, 0x0000000085a00000|100%|HC|  |TAMS 0x0000000085a00000, 0x0000000085900000| Complete 
|  90|0x0000000085a00000, 0x0000000085b00000, 0x0000000085b00000|100%|HC|  |TAMS 0x0000000085b00000, 0x0000000085a00000| Complete 
|  91|0x0000000085b00000, 0x0000000085c00000, 0x0000000085c00000|100%| O|  |TAMS 0x0000000085c00000, 0x0000000085b00000| Untracked 
|  92|0x0000000085c00000, 0x0000000085d00000, 0x0000000085d00000|100%| O|  |TAMS 0x0000000085d00000, 0x0000000085c00000| Untracked 
|  93|0x0000000085d00000, 0x0000000085e00000, 0x0000000085e00000|100%| O|  |TAMS 0x0000000085e00000, 0x0000000085d00000| Complete 
|  94|0x0000000085e00000, 0x0000000085f00000, 0x0000000085f00000|100%| O|  |TAMS 0x0000000085f00000, 0x0000000085e00000| Complete 
|  95|0x0000000085f00000, 0x0000000086000000, 0x0000000086000000|100%| O|  |TAMS 0x0000000086000000, 0x0000000085f00000| Complete 
|  96|0x0000000086000000, 0x0000000086100000, 0x0000000086100000|100%| O|  |TAMS 0x0000000086100000, 0x0000000086000000| Untracked 
|  97|0x0000000086100000, 0x0000000086200000, 0x0000000086200000|100%| O|  |TAMS 0x0000000086200000, 0x0000000086100000| Untracked 
|  98|0x0000000086200000, 0x0000000086200000, 0x0000000086300000|  0%| F|  |TAMS 0x0000000086200000, 0x0000000086200000| Untracked 
|  99|0x0000000086300000, 0x0000000086400000, 0x0000000086400000|100%| O|  |TAMS 0x0000000086400000, 0x0000000086300000| Untracked 
| 100|0x0000000086400000, 0x0000000086400000, 0x0000000086500000|  0%| F|  |TAMS 0x0000000086400000, 0x0000000086400000| Untracked 
| 101|0x0000000086500000, 0x0000000086600000, 0x0000000086600000|100%| O|  |TAMS 0x0000000086600000, 0x0000000086500000| Complete 
| 102|0x0000000086600000, 0x0000000086700000, 0x0000000086700000|100%| O|  |TAMS 0x0000000086700000, 0x0000000086600000| Complete 
| 103|0x0000000086700000, 0x0000000086700000, 0x0000000086800000|  0%| F|  |TAMS 0x0000000086700000, 0x0000000086700000| Untracked 
| 104|0x0000000086800000, 0x0000000086800000, 0x0000000086900000|  0%| F|  |TAMS 0x0000000086800000, 0x0000000086800000| Untracked 
| 105|0x0000000086900000, 0x0000000086a00000, 0x0000000086a00000|100%| O|  |TAMS 0x0000000086a00000, 0x0000000086900000| Complete 
| 106|0x0000000086a00000, 0x0000000086b00000, 0x0000000086b00000|100%| O|  |TAMS 0x0000000086b00000, 0x0000000086a00000| Complete 
| 107|0x0000000086b00000, 0x0000000086c00000, 0x0000000086c00000|100%| O|  |TAMS 0x0000000086c00000, 0x0000000086b00000| Complete 
| 108|0x0000000086c00000, 0x0000000086d00000, 0x0000000086d00000|100%| O|  |TAMS 0x0000000086d00000, 0x0000000086c00000| Untracked 
| 109|0x0000000086d00000, 0x0000000086e00000, 0x0000000086e00000|100%| O|  |TAMS 0x0000000086e00000, 0x0000000086d00000| Complete 
| 110|0x0000000086e00000, 0x0000000086f00000, 0x0000000086f00000|100%| O|  |TAMS 0x0000000086f00000, 0x0000000086e00000| Complete 
| 111|0x0000000086f00000, 0x0000000087000000, 0x0000000087000000|100%| O|  |TAMS 0x0000000087000000, 0x0000000086f00000| Untracked 
| 112|0x0000000087000000, 0x0000000087100000, 0x0000000087100000|100%| O|  |TAMS 0x0000000087100000, 0x0000000087000000| Complete 
| 113|0x0000000087100000, 0x0000000087100000, 0x0000000087200000|  0%| F|  |TAMS 0x0000000087100000, 0x0000000087100000| Untracked 
| 114|0x0000000087200000, 0x0000000087200000, 0x0000000087300000|  0%| F|  |TAMS 0x0000000087200000, 0x0000000087200000| Untracked 
| 115|0x0000000087300000, 0x0000000087300000, 0x0000000087400000|  0%| F|  |TAMS 0x0000000087300000, 0x0000000087300000| Untracked 
| 116|0x0000000087400000, 0x0000000087400000, 0x0000000087500000|  0%| F|  |TAMS 0x0000000087400000, 0x0000000087400000| Untracked 
| 117|0x0000000087500000, 0x0000000087600000, 0x0000000087600000|100%| O|  |TAMS 0x0000000087600000, 0x0000000087500000| Untracked 
| 118|0x0000000087600000, 0x0000000087700000, 0x0000000087700000|100%| O|  |TAMS 0x0000000087700000, 0x0000000087600000| Complete 
| 119|0x0000000087700000, 0x0000000087800000, 0x0000000087800000|100%| O|  |TAMS 0x0000000087800000, 0x0000000087700000| Complete 
| 120|0x0000000087800000, 0x0000000087900000, 0x0000000087900000|100%| O|  |TAMS 0x0000000087900000, 0x0000000087800000| Complete 
| 121|0x0000000087900000, 0x0000000087a00000, 0x0000000087a00000|100%| O|  |TAMS 0x0000000087a00000, 0x0000000087900000| Untracked 
| 122|0x0000000087a00000, 0x0000000087b00000, 0x0000000087b00000|100%| O|  |TAMS 0x0000000087b00000, 0x0000000087a00000| Complete 
| 123|0x0000000087b00000, 0x0000000087c00000, 0x0000000087c00000|100%| O|  |TAMS 0x0000000087c00000, 0x0000000087b00000| Complete 
| 124|0x0000000087c00000, 0x0000000087c00000, 0x0000000087d00000|  0%| F|  |TAMS 0x0000000087c00000, 0x0000000087c00000| Untracked 
| 125|0x0000000087d00000, 0x0000000087d00000, 0x0000000087e00000|  0%| F|  |TAMS 0x0000000087d00000, 0x0000000087d00000| Untracked 
| 126|0x0000000087e00000, 0x0000000087e00000, 0x0000000087f00000|  0%| F|  |TAMS 0x0000000087e00000, 0x0000000087e00000| Untracked 
| 127|0x0000000087f00000, 0x0000000087f00000, 0x0000000088000000|  0%| F|  |TAMS 0x0000000087f00000, 0x0000000087f00000| Untracked 
| 128|0x0000000088000000, 0x0000000088100000, 0x0000000088100000|100%| O|  |TAMS 0x0000000088100000, 0x0000000088000000| Complete 
| 129|0x0000000088100000, 0x0000000088200000, 0x0000000088200000|100%| O|  |TAMS 0x0000000088200000, 0x0000000088100000| Complete 
| 130|0x0000000088200000, 0x0000000088200000, 0x0000000088300000|  0%| F|  |TAMS 0x0000000088200000, 0x0000000088200000| Untracked 
| 131|0x0000000088300000, 0x0000000088300000, 0x0000000088400000|  0%| F|  |TAMS 0x0000000088300000, 0x0000000088300000| Untracked 
| 132|0x0000000088400000, 0x0000000088400000, 0x0000000088500000|  0%| F|  |TAMS 0x0000000088400000, 0x0000000088400000| Untracked 
| 133|0x0000000088500000, 0x0000000088500000, 0x0000000088600000|  0%| F|  |TAMS 0x0000000088500000, 0x0000000088500000| Untracked 
| 134|0x0000000088600000, 0x0000000088600000, 0x0000000088700000|  0%| F|  |TAMS 0x0000000088600000, 0x0000000088600000| Untracked 
| 135|0x0000000088700000, 0x0000000088700000, 0x0000000088800000|  0%| F|  |TAMS 0x0000000088700000, 0x0000000088700000| Untracked 
| 136|0x0000000088800000, 0x0000000088900000, 0x0000000088900000|100%| O|  |TAMS 0x0000000088900000, 0x0000000088800000| Untracked 
| 137|0x0000000088900000, 0x0000000088a00000, 0x0000000088a00000|100%| O|  |TAMS 0x0000000088a00000, 0x0000000088900000| Complete 
| 138|0x0000000088a00000, 0x0000000088b00000, 0x0000000088b00000|100%| O|  |TAMS 0x0000000088b00000, 0x0000000088a00000| Untracked 
| 139|0x0000000088b00000, 0x0000000088c00000, 0x0000000088c00000|100%| O|  |TAMS 0x0000000088c00000, 0x0000000088b00000| Complete 
| 140|0x0000000088c00000, 0x0000000088d00000, 0x0000000088d00000|100%| O|  |TAMS 0x0000000088d00000, 0x0000000088c00000| Untracked 
| 141|0x0000000088d00000, 0x0000000088d00000, 0x0000000088e00000|  0%| F|  |TAMS 0x0000000088d00000, 0x0000000088d00000| Untracked 
| 142|0x0000000088e00000, 0x0000000088f00000, 0x0000000088f00000|100%| O|  |TAMS 0x0000000088f00000, 0x0000000088e00000| Untracked 
| 143|0x0000000088f00000, 0x0000000089000000, 0x0000000089000000|100%| O|  |TAMS 0x0000000089000000, 0x0000000088f00000| Untracked 
| 144|0x0000000089000000, 0x0000000089000000, 0x0000000089100000|  0%| F|  |TAMS 0x0000000089000000, 0x0000000089000000| Untracked 
| 145|0x0000000089100000, 0x0000000089200000, 0x0000000089200000|100%| O|  |TAMS 0x0000000089200000, 0x0000000089100000| Untracked 
| 146|0x0000000089200000, 0x0000000089300000, 0x0000000089300000|100%| O|  |TAMS 0x0000000089300000, 0x0000000089200000| Untracked 
| 147|0x0000000089300000, 0x0000000089400000, 0x0000000089400000|100%| O|  |TAMS 0x0000000089400000, 0x0000000089300000| Untracked 
| 148|0x0000000089400000, 0x0000000089500000, 0x0000000089500000|100%| O|  |TAMS 0x0000000089500000, 0x0000000089400000| Untracked 
| 149|0x0000000089500000, 0x0000000089600000, 0x0000000089600000|100%| O|  |TAMS 0x0000000089600000, 0x0000000089500000| Untracked 
| 150|0x0000000089600000, 0x0000000089700000, 0x0000000089700000|100%| O|  |TAMS 0x0000000089700000, 0x0000000089600000| Untracked 
| 151|0x0000000089700000, 0x0000000089800000, 0x0000000089800000|100%| O|  |TAMS 0x0000000089800000, 0x0000000089700000| Untracked 
| 152|0x0000000089800000, 0x0000000089800000, 0x0000000089900000|  0%| F|  |TAMS 0x0000000089800000, 0x0000000089800000| Untracked 
| 153|0x0000000089900000, 0x0000000089900000, 0x0000000089a00000|  0%| F|  |TAMS 0x0000000089900000, 0x0000000089900000| Untracked 
| 154|0x0000000089a00000, 0x0000000089a00000, 0x0000000089b00000|  0%| F|  |TAMS 0x0000000089a00000, 0x0000000089a00000| Untracked 
| 155|0x0000000089b00000, 0x0000000089b00000, 0x0000000089c00000|  0%| F|  |TAMS 0x0000000089b00000, 0x0000000089b00000| Untracked 
| 156|0x0000000089c00000, 0x0000000089c00000, 0x0000000089d00000|  0%| F|  |TAMS 0x0000000089c00000, 0x0000000089c00000| Untracked 
| 157|0x0000000089d00000, 0x0000000089d00000, 0x0000000089e00000|  0%| F|  |TAMS 0x0000000089d00000, 0x0000000089d00000| Untracked 
| 158|0x0000000089e00000, 0x0000000089efac00, 0x0000000089f00000| 97%| O|  |TAMS 0x0000000089efac00, 0x0000000089e00000| Untracked 
| 159|0x0000000089f00000, 0x0000000089f00000, 0x000000008a000000|  0%| F|  |TAMS 0x0000000089f00000, 0x0000000089f00000| Untracked 
| 160|0x000000008a000000, 0x000000008a000000, 0x000000008a100000|  0%| F|  |TAMS 0x000000008a000000, 0x000000008a000000| Untracked 
| 161|0x000000008a100000, 0x000000008a100000, 0x000000008a200000|  0%| F|  |TAMS 0x000000008a100000, 0x000000008a100000| Untracked 
| 162|0x000000008a200000, 0x000000008a200000, 0x000000008a300000|  0%| F|  |TAMS 0x000000008a200000, 0x000000008a200000| Untracked 
| 163|0x000000008a300000, 0x000000008a300000, 0x000000008a400000|  0%| F|  |TAMS 0x000000008a300000, 0x000000008a300000| Untracked 
| 164|0x000000008a400000, 0x000000008a400000, 0x000000008a500000|  0%| F|  |TAMS 0x000000008a400000, 0x000000008a400000| Untracked 
| 165|0x000000008a500000, 0x000000008a500000, 0x000000008a600000|  0%| F|  |TAMS 0x000000008a500000, 0x000000008a500000| Untracked 
| 166|0x000000008a600000, 0x000000008a700000, 0x000000008a700000|100%| O|  |TAMS 0x000000008a700000, 0x000000008a600000| Untracked 
| 167|0x000000008a700000, 0x000000008a700000, 0x000000008a800000|  0%| F|  |TAMS 0x000000008a700000, 0x000000008a700000| Untracked 
| 168|0x000000008a800000, 0x000000008a800000, 0x000000008a900000|  0%| F|  |TAMS 0x000000008a800000, 0x000000008a800000| Untracked 
| 169|0x000000008a900000, 0x000000008a900000, 0x000000008aa00000|  0%| F|  |TAMS 0x000000008a900000, 0x000000008a900000| Untracked 
| 170|0x000000008aa00000, 0x000000008aa00000, 0x000000008ab00000|  0%| F|  |TAMS 0x000000008aa00000, 0x000000008aa00000| Untracked 
| 171|0x000000008ab00000, 0x000000008ab00000, 0x000000008ac00000|  0%| F|  |TAMS 0x000000008ab00000, 0x000000008ab00000| Untracked 
| 172|0x000000008ac00000, 0x000000008aca9c28, 0x000000008ad00000| 66%| S|CS|TAMS 0x000000008ac00000, 0x000000008ac00000| Complete 
| 173|0x000000008ad00000, 0x000000008ae00000, 0x000000008ae00000|100%| S|CS|TAMS 0x000000008ad00000, 0x000000008ad00000| Complete 
| 174|0x000000008ae00000, 0x000000008ae00000, 0x000000008af00000|  0%| F|  |TAMS 0x000000008ae00000, 0x000000008ae00000| Untracked 
| 175|0x000000008af00000, 0x000000008af00000, 0x000000008b000000|  0%| F|  |TAMS 0x000000008af00000, 0x000000008af00000| Untracked 
| 176|0x000000008b000000, 0x000000008b000000, 0x000000008b100000|  0%| F|  |TAMS 0x000000008b000000, 0x000000008b000000| Untracked 
| 177|0x000000008b100000, 0x000000008b100000, 0x000000008b200000|  0%| F|  |TAMS 0x000000008b100000, 0x000000008b100000| Untracked 
| 178|0x000000008b200000, 0x000000008b200000, 0x000000008b300000|  0%| F|  |TAMS 0x000000008b200000, 0x000000008b200000| Untracked 
| 179|0x000000008b300000, 0x000000008b300000, 0x000000008b400000|  0%| F|  |TAMS 0x000000008b300000, 0x000000008b300000| Untracked 
| 180|0x000000008b400000, 0x000000008b400000, 0x000000008b500000|  0%| F|  |TAMS 0x000000008b400000, 0x000000008b400000| Untracked 
| 181|0x000000008b500000, 0x000000008b500000, 0x000000008b600000|  0%| F|  |TAMS 0x000000008b500000, 0x000000008b500000| Untracked 
| 182|0x000000008b600000, 0x000000008b600000, 0x000000008b700000|  0%| F|  |TAMS 0x000000008b600000, 0x000000008b600000| Untracked 
| 183|0x000000008b700000, 0x000000008b700000, 0x000000008b800000|  0%| F|  |TAMS 0x000000008b700000, 0x000000008b700000| Untracked 
| 184|0x000000008b800000, 0x000000008b800000, 0x000000008b900000|  0%| F|  |TAMS 0x000000008b800000, 0x000000008b800000| Untracked 
| 185|0x000000008b900000, 0x000000008b900000, 0x000000008ba00000|  0%| F|  |TAMS 0x000000008b900000, 0x000000008b900000| Untracked 
| 186|0x000000008ba00000, 0x000000008ba00000, 0x000000008bb00000|  0%| F|  |TAMS 0x000000008ba00000, 0x000000008ba00000| Untracked 
| 187|0x000000008bb00000, 0x000000008bba5ed0, 0x000000008bc00000| 64%| E|  |TAMS 0x000000008bb00000, 0x000000008bb00000| Complete 
| 188|0x000000008bc00000, 0x000000008bd00000, 0x000000008bd00000|100%| E|CS|TAMS 0x000000008bc00000, 0x000000008bc00000| Complete 
| 189|0x000000008bd00000, 0x000000008be00000, 0x000000008be00000|100%| E|CS|TAMS 0x000000008bd00000, 0x000000008bd00000| Complete 
| 190|0x000000008be00000, 0x000000008bf00000, 0x000000008bf00000|100%| E|CS|TAMS 0x000000008be00000, 0x000000008be00000| Complete 
| 191|0x000000008bf00000, 0x000000008c000000, 0x000000008c000000|100%| E|CS|TAMS 0x000000008bf00000, 0x000000008bf00000| Complete 
| 192|0x000000008c000000, 0x000000008c100000, 0x000000008c100000|100%| E|CS|TAMS 0x000000008c000000, 0x000000008c000000| Complete 
| 193|0x000000008c100000, 0x000000008c200000, 0x000000008c200000|100%| E|CS|TAMS 0x000000008c100000, 0x000000008c100000| Complete 
| 194|0x000000008c200000, 0x000000008c300000, 0x000000008c300000|100%| E|CS|TAMS 0x000000008c200000, 0x000000008c200000| Complete 
| 195|0x000000008c300000, 0x000000008c400000, 0x000000008c400000|100%| E|CS|TAMS 0x000000008c300000, 0x000000008c300000| Complete 
| 196|0x000000008c400000, 0x000000008c500000, 0x000000008c500000|100%| E|CS|TAMS 0x000000008c400000, 0x000000008c400000| Complete 
| 197|0x000000008c500000, 0x000000008c600000, 0x000000008c600000|100%| E|  |TAMS 0x000000008c500000, 0x000000008c500000| Complete 
| 198|0x000000008c600000, 0x000000008c700000, 0x000000008c700000|100%| E|CS|TAMS 0x000000008c600000, 0x000000008c600000| Complete 
| 199|0x000000008c700000, 0x000000008c800000, 0x000000008c800000|100%| E|CS|TAMS 0x000000008c700000, 0x000000008c700000| Complete 
| 200|0x000000008c800000, 0x000000008c900000, 0x000000008c900000|100%| E|CS|TAMS 0x000000008c800000, 0x000000008c800000| Complete 
| 201|0x000000008c900000, 0x000000008ca00000, 0x000000008ca00000|100%| E|CS|TAMS 0x000000008c900000, 0x000000008c900000| Complete 
| 202|0x000000008ca00000, 0x000000008cb00000, 0x000000008cb00000|100%| E|CS|TAMS 0x000000008ca00000, 0x000000008ca00000| Complete 
| 203|0x000000008cb00000, 0x000000008cc00000, 0x000000008cc00000|100%| E|CS|TAMS 0x000000008cb00000, 0x000000008cb00000| Complete 
| 204|0x000000008cc00000, 0x000000008cd00000, 0x000000008cd00000|100%| E|CS|TAMS 0x000000008cc00000, 0x000000008cc00000| Complete 
| 205|0x000000008cd00000, 0x000000008ce00000, 0x000000008ce00000|100%| E|CS|TAMS 0x000000008cd00000, 0x000000008cd00000| Complete 
| 206|0x000000008ce00000, 0x000000008cf00000, 0x000000008cf00000|100%| E|CS|TAMS 0x000000008ce00000, 0x000000008ce00000| Complete 
| 207|0x000000008cf00000, 0x000000008d000000, 0x000000008d000000|100%| E|CS|TAMS 0x000000008cf00000, 0x000000008cf00000| Complete 
| 208|0x000000008d000000, 0x000000008d100000, 0x000000008d100000|100%| E|CS|TAMS 0x000000008d000000, 0x000000008d000000| Complete 
| 209|0x000000008d100000, 0x000000008d200000, 0x000000008d200000|100%| E|CS|TAMS 0x000000008d100000, 0x000000008d100000| Complete 
| 210|0x000000008d200000, 0x000000008d300000, 0x000000008d300000|100%| E|CS|TAMS 0x000000008d200000, 0x000000008d200000| Complete 
| 211|0x000000008d300000, 0x000000008d400000, 0x000000008d400000|100%| E|CS|TAMS 0x000000008d300000, 0x000000008d300000| Complete 
| 212|0x000000008d400000, 0x000000008d500000, 0x000000008d500000|100%| E|CS|TAMS 0x000000008d400000, 0x000000008d400000| Complete 
| 213|0x000000008d500000, 0x000000008d600000, 0x000000008d600000|100%| E|CS|TAMS 0x000000008d500000, 0x000000008d500000| Complete 
| 214|0x000000008d600000, 0x000000008d700000, 0x000000008d700000|100%| E|CS|TAMS 0x000000008d600000, 0x000000008d600000| Complete 
| 215|0x000000008d700000, 0x000000008d800000, 0x000000008d800000|100%| E|CS|TAMS 0x000000008d700000, 0x000000008d700000| Complete 
| 216|0x000000008d800000, 0x000000008d900000, 0x000000008d900000|100%| E|CS|TAMS 0x000000008d800000, 0x000000008d800000| Complete 
| 217|0x000000008d900000, 0x000000008da00000, 0x000000008da00000|100%| E|CS|TAMS 0x000000008d900000, 0x000000008d900000| Complete 
| 218|0x000000008da00000, 0x000000008db00000, 0x000000008db00000|100%| E|CS|TAMS 0x000000008da00000, 0x000000008da00000| Complete 
| 219|0x000000008db00000, 0x000000008dc00000, 0x000000008dc00000|100%| E|CS|TAMS 0x000000008db00000, 0x000000008db00000| Complete 
| 220|0x000000008dc00000, 0x000000008dd00000, 0x000000008dd00000|100%| E|CS|TAMS 0x000000008dc00000, 0x000000008dc00000| Complete 
| 221|0x000000008dd00000, 0x000000008de00000, 0x000000008de00000|100%| E|CS|TAMS 0x000000008dd00000, 0x000000008dd00000| Complete 

Card table byte_map: [0x0000020be6990000,0x0000020be6d90000] _byte_map_base: 0x0000020be6590000

Marking Bits (Prev, Next): (CMBitMap*) 0x0000020bd3ac2450, (CMBitMap*) 0x0000020bd3ac2418
 Prev Bits: [0x0000020be9190000, 0x0000020beb190000)
 Next Bits: [0x0000020be7190000, 0x0000020be9190000)

Polling page: 0x0000020bd1950000

Metaspace:

Usage:
  Non-class:    127.90 MB capacity,   125.56 MB ( 98%) used,     1.87 MB (  1%) free+waste,   473.25 KB ( <1%) overhead. 
      Class:     18.98 MB capacity,    17.54 MB ( 92%) used,     1.24 MB (  7%) free+waste,   206.56 KB (  1%) overhead. 
       Both:    146.88 MB capacity,   143.10 MB ( 97%) used,     3.11 MB (  2%) free+waste,   679.81 KB ( <1%) overhead. 

Virtual space:
  Non-class space:      128.00 MB reserved,     128.00 MB (100%) committed 
      Class space:        1.00 GB reserved,      19.07 MB (  2%) committed 
             Both:        1.13 GB reserved,     147.07 MB ( 13%) committed 

Chunk freelists:
   Non-Class:  41.00 KB
       Class:  85.00 KB
        Both:  126.00 KB

MaxMetaspaceSize: 17179869184.00 GB
CompressedClassSpaceSize: 1.00 GB
Initial GC threshold: 20.80 MB
Current GC threshold: 244.71 MB
CDS: off

CodeHeap 'non-profiled nmethods': size=120064Kb used=15886Kb max_used=16772Kb free=104177Kb
 bounds [0x0000020bdf050000, 0x0000020be00c0000, 0x0000020be6590000]
CodeHeap 'profiled nmethods': size=120000Kb used=49923Kb max_used=51791Kb free=70077Kb
 bounds [0x0000020bd7b20000, 0x0000020bdadc0000, 0x0000020bdf050000]
CodeHeap 'non-nmethods': size=5696Kb used=2507Kb max_used=2572Kb free=3189Kb
 bounds [0x0000020bd7590000, 0x0000020bd7820000, 0x0000020bd7b20000]
 total_blobs=22984 nmethods=21947 adapters=948
 compilation: enabled
              stopped_count=0, restarted_count=0
 full_count=0

Compilation events (20 events):
Event: 3921.586 Thread 0x0000020bed6a2000 25212   !   3       java.util.concurrent.ThreadPoolExecutor::processWorkerExit (138 bytes)
Event: 3921.587 Thread 0x0000020bed6a2000 nmethod 25212 0x0000020bdada8f90 code [0x0000020bdada9260, 0x0000020bdadaa1f8]
Event: 3921.587 Thread 0x0000020bed6a2000 25211       3       java.lang.StringBuilder::append (8 bytes)
Event: 3921.587 Thread 0x0000020bed6a2000 nmethod 25211 0x0000020bdadaa810 code [0x0000020bdadaaa00, 0x0000020bdadaad18]
Event: 3921.609 Thread 0x0000020bed6a1000 nmethod 25172 0x0000020be00a4f10 code [0x0000020be00a5280, 0x0000020be00a74a0]
Event: 3921.609 Thread 0x0000020bed6a1000 25176       4       org.gradle.internal.fingerprint.impl.AbstractFileCollectionFingerprinter::fingerprint (21 bytes)
Event: 3921.625 Thread 0x0000020bed6a2000 25213       1       java.security.DrbgParameters$NextBytes::getStrength (5 bytes)
Event: 3921.625 Thread 0x0000020bed6a2000 nmethod 25213 0x0000020be00a9f10 code [0x0000020be00aa0c0, 0x0000020be00aa178]
Event: 3921.625 Thread 0x0000020bed6a2000 25214       1       java.security.DrbgParameters$NextBytes::getPredictionResistance (5 bytes)
Event: 3921.625 Thread 0x0000020bed6a2000 nmethod 25214 0x0000020be00aa210 code [0x0000020be00aa3c0, 0x0000020be00aa478]
Event: 3921.626 Thread 0x0000020bed6a2000 25215       3       sun.nio.fs.WindowsPath::normalize (5 bytes)
Event: 3921.626 Thread 0x0000020bed6a2000 nmethod 25215 0x0000020bdadaae90 code [0x0000020bdadab040, 0x0000020bdadab1e8]
Event: 3921.642 Thread 0x0000020bed6a2000 25216       3       com.google.common.reflect.TypeResolver::resolveType (74 bytes)
Event: 3921.643 Thread 0x0000020bed6a2000 nmethod 25216 0x0000020bdadab290 code [0x0000020bdadab5c0, 0x0000020bdadaca88]
Event: 3921.643 Thread 0x0000020bed6a2000 25217       3       com.android.utils.JvmWideVariable::doCollectComponentClasses (253 bytes)
Event: 3921.645 Thread 0x0000020bed6a2000 nmethod 25217 0x0000020bdadacf10 code [0x0000020bdadad360, 0x0000020bdadaf438]
Event: 3921.645 Thread 0x0000020bed6a2000 25218       3       com.google.common.base.Preconditions::checkArgument (25 bytes)
Event: 3921.645 Thread 0x0000020bed6a2000 nmethod 25218 0x0000020bdadafd10 code [0x0000020bdadaff00, 0x0000020bdadb0318]
Event: 3921.709 Thread 0x0000020bed6a1000 nmethod 25176 0x0000020be00aa510 code [0x0000020be00aa820, 0x0000020be00acb40]
Event: 3921.714 Thread 0x0000020bed6a1000 25219       4       com.google.gson.stream.JsonWriter::close (95 bytes)

GC Heap History (20 events):
Event: 2487.184 GC heap before
{Heap before GC invocations=95 (full 0):
 garbage-first heap   total 227328K, used 181653K [0x0000000080000000, 0x0000000100000000)
  region size 1024K, 41 young (41984K), 1 survivors (1024K)
 Metaspace       used 138068K, capacity 141531K, committed 141772K, reserved 1173504K
  class space    used 16957K, capacity 18280K, committed 18380K, reserved 1048576K
}
Event: 2487.230 GC heap after
{Heap after GC invocations=96 (full 0):
 garbage-first heap   total 227328K, used 147456K [0x0000000080000000, 0x0000000100000000)
  region size 1024K, 6 young (6144K), 6 survivors (6144K)
 Metaspace       used 138068K, capacity 141531K, committed 141772K, reserved 1173504K
  class space    used 16957K, capacity 18280K, committed 18380K, reserved 1048576K
}
Event: 2489.735 GC heap before
{Heap before GC invocations=97 (full 0):
 garbage-first heap   total 227328K, used 185344K [0x0000000080000000, 0x0000000100000000)
  region size 1024K, 44 young (45056K), 6 survivors (6144K)
 Metaspace       used 142363K, capacity 146139K, committed 146380K, reserved 1177600K
  class space    used 17454K, capacity 18868K, committed 18892K, reserved 1048576K
}
Event: 2489.759 GC heap after
{Heap after GC invocations=98 (full 0):
 garbage-first heap   total 227328K, used 148909K [0x0000000080000000, 0x0000000100000000)
  region size 1024K, 2 young (2048K), 2 survivors (2048K)
 Metaspace       used 142363K, capacity 146139K, committed 146380K, reserved 1177600K
  class space    used 17454K, capacity 18868K, committed 18892K, reserved 1048576K
}
Event: 2490.439 GC heap before
{Heap before GC invocations=98 (full 0):
 garbage-first heap   total 227328K, used 158125K [0x0000000080000000, 0x0000000100000000)
  region size 1024K, 11 young (11264K), 2 survivors (2048K)
 Metaspace       used 142808K, capacity 146606K, committed 146764K, reserved 1177600K
  class space    used 17493K, capacity 18926K, committed 19020K, reserved 1048576K
}
Event: 2490.460 GC heap after
{Heap after GC invocations=99 (full 0):
 garbage-first heap   total 227328K, used 141222K [0x0000000080000000, 0x0000000100000000)
  region size 1024K, 1 young (1024K), 1 survivors (1024K)
 Metaspace       used 142808K, capacity 146606K, committed 146764K, reserved 1177600K
  class space    used 17493K, capacity 18926K, committed 19020K, reserved 1048576K
}
Event: 2491.184 GC heap before
{Heap before GC invocations=99 (full 0):
 garbage-first heap   total 227328K, used 160678K [0x0000000080000000, 0x0000000100000000)
  region size 1024K, 22 young (22528K), 1 survivors (1024K)
 Metaspace       used 144156K, capacity 147904K, committed 148044K, reserved 1177600K
  class space    used 17772K, capacity 19217K, committed 19276K, reserved 1048576K
}
Event: 2491.217 GC heap after
{Heap after GC invocations=100 (full 0):
 garbage-first heap   total 227328K, used 145890K [0x0000000080000000, 0x0000000100000000)
  region size 1024K, 6 young (6144K), 6 survivors (6144K)
 Metaspace       used 144156K, capacity 147904K, committed 148044K, reserved 1177600K
  class space    used 17772K, capacity 19217K, committed 19276K, reserved 1048576K
}
Event: 2508.709 GC heap before
{Heap before GC invocations=101 (full 0):
 garbage-first heap   total 227328K, used 202210K [0x0000000080000000, 0x0000000100000000)
  region size 1024K, 44 young (45056K), 6 survivors (6144K)
 Metaspace       used 145800K, capacity 149533K, committed 150092K, reserved 1179648K
  class space    used 17916K, capacity 19365K, committed 19532K, reserved 1048576K
}
Event: 2508.717 GC heap after
{Heap after GC invocations=102 (full 0):
 garbage-first heap   total 227328K, used 143184K [0x0000000080000000, 0x0000000100000000)
  region size 1024K, 2 young (2048K), 2 survivors (2048K)
 Metaspace       used 145800K, capacity 149533K, committed 150092K, reserved 1179648K
  class space    used 17916K, capacity 19365K, committed 19532K, reserved 1048576K
}
Event: 2509.152 GC heap before
{Heap before GC invocations=102 (full 0):
 garbage-first heap   total 227328K, used 151376K [0x0000000080000000, 0x0000000100000000)
  region size 1024K, 11 young (11264K), 2 survivors (2048K)
 Metaspace       used 145806K, capacity 149533K, committed 150092K, reserved 1179648K
  class space    used 17916K, capacity 19365K, committed 19532K, reserved 1048576K
}
Event: 2509.167 GC heap after
{Heap after GC invocations=103 (full 0):
 garbage-first heap   total 227328K, used 137599K [0x0000000080000000, 0x0000000100000000)
  region size 1024K, 1 young (1024K), 1 survivors (1024K)
 Metaspace       used 145806K, capacity 149533K, committed 150092K, reserved 1179648K
  class space    used 17916K, capacity 19365K, committed 19532K, reserved 1048576K
}
Event: 2515.592 GC heap before
{Heap before GC invocations=103 (full 0):
 garbage-first heap   total 227328K, used 181631K [0x0000000080000000, 0x0000000100000000)
  region size 1024K, 45 young (46080K), 1 survivors (1024K)
 Metaspace       used 146120K, capacity 149931K, committed 150348K, reserved 1179648K
  class space    used 17942K, capacity 19406K, committed 19532K, reserved 1048576K
}
Event: 2515.613 GC heap after
{Heap after GC invocations=104 (full 0):
 garbage-first heap   total 227328K, used 142520K [0x0000000080000000, 0x0000000100000000)
  region size 1024K, 6 young (6144K), 6 survivors (6144K)
 Metaspace       used 146120K, capacity 149931K, committed 150348K, reserved 1179648K
  class space    used 17942K, capacity 19406K, committed 19532K, reserved 1048576K
}
Event: 2516.646 GC heap before
{Heap before GC invocations=105 (full 0):
 garbage-first heap   total 227328K, used 184504K [0x0000000080000000, 0x0000000100000000)
  region size 1024K, 48 young (49152K), 6 survivors (6144K)
 Metaspace       used 146179K, capacity 149931K, committed 150348K, reserved 1179648K
  class space    used 17942K, capacity 19405K, committed 19532K, reserved 1048576K
}
Event: 2516.662 GC heap after
{Heap after GC invocations=106 (full 0):
 garbage-first heap   total 227328K, used 144614K [0x0000000080000000, 0x0000000100000000)
  region size 1024K, 3 young (3072K), 3 survivors (3072K)
 Metaspace       used 146179K, capacity 149931K, committed 150348K, reserved 1179648K
  class space    used 17942K, capacity 19405K, committed 19532K, reserved 1048576K
}
Event: 2517.252 GC heap before
{Heap before GC invocations=106 (full 0):
 garbage-first heap   total 227328K, used 167142K [0x0000000080000000, 0x0000000100000000)
  region size 1024K, 11 young (11264K), 3 survivors (3072K)
 Metaspace       used 146197K, capacity 149931K, committed 150348K, reserved 1179648K
  class space    used 17942K, capacity 19405K, committed 19532K, reserved 1048576K
}
Event: 2517.287 GC heap after
{Heap after GC invocations=107 (full 0):
 garbage-first heap   total 227328K, used 134696K [0x0000000080000000, 0x0000000100000000)
  region size 1024K, 1 young (1024K), 1 survivors (1024K)
 Metaspace       used 146197K, capacity 149931K, committed 150348K, reserved 1179648K
  class space    used 17942K, capacity 19405K, committed 19532K, reserved 1048576K
}
Event: 3920.444 GC heap before
{Heap before GC invocations=107 (full 0):
 garbage-first heap   total 227328K, used 181800K [0x0000000080000000, 0x0000000100000000)
  region size 1024K, 48 young (49152K), 1 survivors (1024K)
 Metaspace       used 146256K, capacity 150010K, committed 150348K, reserved 1179648K
  class space    used 17944K, capacity 19408K, committed 19532K, reserved 1048576K
}
Event: 3920.457 GC heap after
{Heap after GC invocations=108 (full 0):
 garbage-first heap   total 227328K, used 135826K [0x0000000080000000, 0x0000000100000000)
  region size 1024K, 2 young (2048K), 2 survivors (2048K)
 Metaspace       used 146256K, capacity 150010K, committed 150348K, reserved 1179648K
  class space    used 17944K, capacity 19408K, committed 19532K, reserved 1048576K
}

Deoptimization events (20 events):
Event: 3920.574 Thread 0x0000020bf39bb800 Uncommon trap: trap_request=0xffffffd6 fr.pc=0x0000020be002216c relative=0x0000000000000aac
Event: 3920.574 Thread 0x0000020bf39bb800 Uncommon trap: reason=array_check action=maybe_recompile pc=0x0000020be002216c method=com.google.common.collect.RegularImmutableMap.fromEntryArray(I[Ljava/util/Map$Entry;)Lcom/google/common/collect/ImmutableMap; @ 157 c2
Event: 3920.574 Thread 0x0000020bf39bb800 DEOPT PACKING pc=0x0000020be002216c sp=0x0000003632ef83e0
Event: 3920.574 Thread 0x0000020bf39bb800 DEOPT UNPACKING pc=0x0000020bd75da1af sp=0x0000003632ef8390 mode 2
Event: 3920.574 Thread 0x0000020bf39bb800 Uncommon trap: trap_request=0xffffffd6 fr.pc=0x0000020be002216c relative=0x0000000000000aac
Event: 3920.574 Thread 0x0000020bf39bb800 Uncommon trap: reason=array_check action=maybe_recompile pc=0x0000020be002216c method=com.google.common.collect.RegularImmutableMap.fromEntryArray(I[Ljava/util/Map$Entry;)Lcom/google/common/collect/ImmutableMap; @ 157 c2
Event: 3920.574 Thread 0x0000020bf39bb800 DEOPT PACKING pc=0x0000020be002216c sp=0x0000003632ef83e0
Event: 3920.574 Thread 0x0000020bf39bb800 DEOPT UNPACKING pc=0x0000020bd75da1af sp=0x0000003632ef8390 mode 2
Event: 3920.574 Thread 0x0000020bf39bb800 Uncommon trap: trap_request=0xffffffd6 fr.pc=0x0000020be002216c relative=0x0000000000000aac
Event: 3920.574 Thread 0x0000020bf39bb800 Uncommon trap: reason=array_check action=maybe_recompile pc=0x0000020be002216c method=com.google.common.collect.RegularImmutableMap.fromEntryArray(I[Ljava/util/Map$Entry;)Lcom/google/common/collect/ImmutableMap; @ 157 c2
Event: 3920.574 Thread 0x0000020bf39bb800 DEOPT PACKING pc=0x0000020be002216c sp=0x0000003632ef83e0
Event: 3920.574 Thread 0x0000020bf39bb800 DEOPT UNPACKING pc=0x0000020bd75da1af sp=0x0000003632ef8390 mode 2
Event: 3920.574 Thread 0x0000020bf39bb800 Uncommon trap: trap_request=0xffffffd6 fr.pc=0x0000020be002216c relative=0x0000000000000aac
Event: 3920.574 Thread 0x0000020bf39bb800 Uncommon trap: reason=array_check action=maybe_recompile pc=0x0000020be002216c method=com.google.common.collect.RegularImmutableMap.fromEntryArray(I[Ljava/util/Map$Entry;)Lcom/google/common/collect/ImmutableMap; @ 157 c2
Event: 3920.574 Thread 0x0000020bf39bb800 DEOPT PACKING pc=0x0000020be002216c sp=0x0000003632ef83e0
Event: 3920.574 Thread 0x0000020bf39bb800 DEOPT UNPACKING pc=0x0000020bd75da1af sp=0x0000003632ef8390 mode 2
Event: 3920.746 Thread 0x0000020bee164800 Uncommon trap: trap_request=0xffffffde fr.pc=0x0000020bdf1b07ec relative=0x000000000000052c
Event: 3920.746 Thread 0x0000020bee164800 Uncommon trap: reason=class_check action=maybe_recompile pc=0x0000020bdf1b07ec method=jdk.internal.ref.PhantomCleanable.clean()V @ 12 c2
Event: 3920.746 Thread 0x0000020bee164800 DEOPT PACKING pc=0x0000020bdf1b07ec sp=0x00000036327fef40
Event: 3920.746 Thread 0x0000020bee164800 DEOPT UNPACKING pc=0x0000020bd75da1af sp=0x00000036327fef20 mode 2

Classes redefined (0 events):
No events

Internal exceptions (20 events):
Event: 2516.710 Thread 0x0000020bf71d5000 Exception <a 'sun/nio/fs/WindowsException'{0x000000008da4b4b8}> (0x000000008da4b4b8) thrown at [./src/hotspot/share/prims/jni.cpp, line 615]
Event: 2516.710 Thread 0x0000020bf71d5000 Exception <a 'sun/nio/fs/WindowsException'{0x000000008da4b5c0}> (0x000000008da4b5c0) thrown at [./src/hotspot/share/prims/jni.cpp, line 615]
Event: 2516.930 Thread 0x0000020bf71d5000 Implicit null exception at 0x0000020bdf225c6b to 0x0000020bdf225c8c
Event: 2517.098 Thread 0x0000020bf39be000 Exception <a 'sun/nio/fs/WindowsException'{0x000000008d732978}> (0x000000008d732978) thrown at [./src/hotspot/share/prims/jni.cpp, line 615]
Event: 2517.099 Thread 0x0000020bf71c9800 Exception <a 'sun/nio/fs/WindowsException'{0x000000008d72a908}> (0x000000008d72a908) thrown at [./src/hotspot/share/prims/jni.cpp, line 615]
Event: 2517.099 Thread 0x0000020bf71c9800 Exception <a 'sun/nio/fs/WindowsException'{0x000000008d72aa58}> (0x000000008d72aa58) thrown at [./src/hotspot/share/prims/jni.cpp, line 615]
Event: 2517.099 Thread 0x0000020bf71c9800 Exception <a 'sun/nio/fs/WindowsException'{0x000000008d72c328}> (0x000000008d72c328) thrown at [./src/hotspot/share/prims/jni.cpp, line 615]
Event: 3920.597 Thread 0x0000020bf39bb800 Exception <a 'sun/nio/fs/WindowsException'{0x000000008d902f80}> (0x000000008d902f80) thrown at [./src/hotspot/share/prims/jni.cpp, line 615]
Event: 3920.597 Thread 0x0000020bf39bb800 Exception <a 'sun/nio/fs/WindowsException'{0x000000008d9048d8}> (0x000000008d9048d8) thrown at [./src/hotspot/share/prims/jni.cpp, line 615]
Event: 3920.757 Thread 0x0000020bf39bb800 Exception <a 'java/lang/NoClassDefFoundError'{0x000000008d67a410}: org/jetbrains/kotlin/gradle/plugin/KotlinBasePluginWrapper> (0x000000008d67a410) thrown at [./src/hotspot/share/oops/constantPool.cpp, line 775]
Event: 3920.995 Thread 0x0000020bf39bb800 Exception <a 'sun/nio/fs/WindowsException'{0x000000008d335460}> (0x000000008d335460) thrown at [./src/hotspot/share/prims/jni.cpp, line 615]
Event: 3921.069 Thread 0x0000020bf39bb800 Exception <a 'sun/nio/fs/WindowsException'{0x000000008d3db1a8}> (0x000000008d3db1a8) thrown at [./src/hotspot/share/prims/jni.cpp, line 615]
Event: 3921.069 Thread 0x0000020bf39bb800 Exception <a 'sun/nio/fs/WindowsException'{0x000000008d3dc530}> (0x000000008d3dc530) thrown at [./src/hotspot/share/prims/jni.cpp, line 615]
Event: 3921.070 Thread 0x0000020bf39bb800 Exception <a 'sun/nio/fs/WindowsException'{0x000000008d3dd908}> (0x000000008d3dd908) thrown at [./src/hotspot/share/prims/jni.cpp, line 615]
Event: 3921.070 Thread 0x0000020bf39bb800 Exception <a 'sun/nio/fs/WindowsException'{0x000000008d3dece0}> (0x000000008d3dece0) thrown at [./src/hotspot/share/prims/jni.cpp, line 615]
Event: 3921.152 Thread 0x0000020bf39bb800 Exception <a 'sun/nio/fs/WindowsException'{0x000000008d0913f8}> (0x000000008d0913f8) thrown at [./src/hotspot/share/prims/jni.cpp, line 615]
Event: 3921.625 Thread 0x0000020bf97b1800 Exception <a 'sun/nio/fs/WindowsException'{0x000000008bdb2fe0}> (0x000000008bdb2fe0) thrown at [./src/hotspot/share/prims/jni.cpp, line 615]
Event: 3921.626 Thread 0x0000020bf39bb800 Exception <a 'sun/nio/fs/WindowsException'{0x000000008bd96b30}> (0x000000008bd96b30) thrown at [./src/hotspot/share/prims/jni.cpp, line 615]
Event: 3921.626 Thread 0x0000020bf39bb800 Exception <a 'sun/nio/fs/WindowsException'{0x000000008bd96bb0}> (0x000000008bd96bb0) thrown at [./src/hotspot/share/prims/jni.cpp, line 615]
Event: 3921.627 Thread 0x0000020bf39bb800 Exception <a 'sun/nio/fs/WindowsException'{0x000000008bd98480}> (0x000000008bd98480) thrown at [./src/hotspot/share/prims/jni.cpp, line 615]

Events (20 events):
Event: 3921.449 Executing VM operation: BulkRevokeBias done
Event: 3921.583 Thread 0x0000020bf97aa000 Thread exited: 0x0000020bf97aa000
Event: 3921.583 Thread 0x0000020bf97b1800 Thread exited: 0x0000020bf97b1800
Event: 3921.583 Thread 0x0000020bf97b0800 Thread exited: 0x0000020bf97b0800
Event: 3921.584 Thread 0x0000020bf97ae000 Thread exited: 0x0000020bf97ae000
Event: 3921.585 Thread 0x0000020bf97af800 Thread exited: 0x0000020bf97af800
Event: 3921.585 Executing VM operation: RevokeBias
Event: 3921.585 Executing VM operation: RevokeBias done
Event: 3921.585 Thread 0x0000020bf97b1800 Thread added: 0x0000020bf97b1800
Event: 3921.686 Executing VM operation: RevokeBias
Event: 3921.686 Executing VM operation: RevokeBias done
Event: 3921.686 Executing VM operation: RevokeBias
Event: 3921.687 Executing VM operation: RevokeBias done
Event: 3921.687 Executing VM operation: RevokeBias
Event: 3921.687 Executing VM operation: RevokeBias done
Event: 3921.690 Thread 0x0000020bf97b1800 Thread exited: 0x0000020bf97b1800
Event: 3921.734 Executing VM operation: RevokeBias
Event: 3921.734 Executing VM operation: RevokeBias done
Event: 3921.734 Executing VM operation: RevokeBias
Event: 3921.734 Executing VM operation: RevokeBias done


Dynamic libraries:
0x00007ff67cea0000 - 0x00007ff67ceaa000 	E:\PROGRAMMS\Android Studio\jre\bin\java.exe
0x00007ff8c7fd0000 - 0x00007ff8c81c5000 	C:\WINDOWS\SYSTEM32\ntdll.dll
0x00007ff8c7a50000 - 0x00007ff8c7b0d000 	C:\WINDOWS\System32\KERNEL32.DLL
0x00007ff8c5960000 - 0x00007ff8c5c2d000 	C:\WINDOWS\System32\KERNELBASE.dll
0x00007ff8c56e0000 - 0x00007ff8c57e0000 	C:\WINDOWS\System32\ucrtbase.dll
0x00007ff8bd4d0000 - 0x00007ff8bd4e7000 	E:\PROGRAMMS\Android Studio\jre\bin\VCRUNTIME140.dll
0x00007ff8b7ef0000 - 0x00007ff8b7f09000 	E:\PROGRAMMS\Android Studio\jre\bin\jli.dll
0x00007ff8c7550000 - 0x00007ff8c76f0000 	C:\WINDOWS\System32\USER32.dll
0x00007ff8c57e0000 - 0x00007ff8c5802000 	C:\WINDOWS\System32\win32u.dll
0x00007ff8c60c0000 - 0x00007ff8c60ea000 	C:\WINDOWS\System32\GDI32.dll
0x00007ff8c5f10000 - 0x00007ff8c601b000 	C:\WINDOWS\System32\gdi32full.dll
0x00007ff8c5810000 - 0x00007ff8c58ad000 	C:\WINDOWS\System32\msvcp_win.dll
0x00007ff8b2540000 - 0x00007ff8b27da000 	C:\WINDOWS\WinSxS\amd64_microsoft.windows.common-controls_6595b64144ccf1df_6.0.19041.1110_none_60b5254171f9507e\COMCTL32.dll
0x00007ff8c7250000 - 0x00007ff8c72ee000 	C:\WINDOWS\System32\msvcrt.dll
0x00007ff8c7100000 - 0x00007ff8c7130000 	C:\WINDOWS\System32\IMM32.DLL
0x00007ff89dc50000 - 0x00007ff89dced000 	E:\PROGRAMMS\Android Studio\jre\bin\msvcp140.dll
0x00007ff8677b0000 - 0x00007ff868295000 	E:\PROGRAMMS\Android Studio\jre\bin\server\jvm.dll
0x00007ff8c6ef0000 - 0x00007ff8c6f9e000 	C:\WINDOWS\System32\ADVAPI32.dll
0x00007ff8c6020000 - 0x00007ff8c60bc000 	C:\WINDOWS\System32\sechost.dll
0x00007ff8c7750000 - 0x00007ff8c7875000 	C:\WINDOWS\System32\RPCRT4.dll
0x00007ff8c70f0000 - 0x00007ff8c70f8000 	C:\WINDOWS\System32\PSAPI.DLL
0x00007ff8b4500000 - 0x00007ff8b4527000 	C:\WINDOWS\SYSTEM32\WINMM.dll
0x00007ff8be7d0000 - 0x00007ff8be7d9000 	C:\WINDOWS\SYSTEM32\WSOCK32.dll
0x00007ff8c72f0000 - 0x00007ff8c735b000 	C:\WINDOWS\System32\WS2_32.dll
0x00007ff8b8920000 - 0x00007ff8b892a000 	C:\WINDOWS\SYSTEM32\VERSION.dll
0x00007ff8c35a0000 - 0x00007ff8c35b2000 	C:\WINDOWS\SYSTEM32\kernel.appcore.dll
0x00007ff8be7b0000 - 0x00007ff8be7c1000 	E:\PROGRAMMS\Android Studio\jre\bin\verify.dll
0x00007ff8b8170000 - 0x00007ff8b8354000 	C:\WINDOWS\SYSTEM32\DBGHELP.DLL
0x00007ff8b7fe0000 - 0x00007ff8b800c000 	C:\WINDOWS\SYSTEM32\dbgcore.DLL
0x00007ff8c5c30000 - 0x00007ff8c5cb2000 	C:\WINDOWS\System32\bcryptPrimitives.dll
0x00007ff8be780000 - 0x00007ff8be7a9000 	E:\PROGRAMMS\Android Studio\jre\bin\java.dll
0x00007ff8be770000 - 0x00007ff8be77b000 	E:\PROGRAMMS\Android Studio\jre\bin\jimage.dll
0x00007ff8be750000 - 0x00007ff8be768000 	E:\PROGRAMMS\Android Studio\jre\bin\zip.dll
0x00007ff8c61a0000 - 0x00007ff8c68e4000 	C:\WINDOWS\System32\SHELL32.dll
0x00007ff8c37a0000 - 0x00007ff8c3f34000 	C:\WINDOWS\SYSTEM32\windows.storage.dll
0x00007ff8c68f0000 - 0x00007ff8c6c44000 	C:\WINDOWS\System32\combase.dll
0x00007ff8c5060000 - 0x00007ff8c508c000 	C:\WINDOWS\SYSTEM32\Wldp.dll
0x00007ff8c60f0000 - 0x00007ff8c619d000 	C:\WINDOWS\System32\SHCORE.dll
0x00007ff8c76f0000 - 0x00007ff8c7745000 	C:\WINDOWS\System32\shlwapi.dll
0x00007ff8c5620000 - 0x00007ff8c563f000 	C:\WINDOWS\SYSTEM32\profapi.dll
0x00007ff8be730000 - 0x00007ff8be74a000 	E:\PROGRAMMS\Android Studio\jre\bin\net.dll
0x00007ff8bc230000 - 0x00007ff8bc33a000 	C:\WINDOWS\SYSTEM32\WINHTTP.dll
0x00007ff8c4d70000 - 0x00007ff8c4dda000 	C:\WINDOWS\system32\mswsock.dll
0x00007ff8be710000 - 0x00007ff8be724000 	E:\PROGRAMMS\Android Studio\jre\bin\nio.dll
0x00007ff8ba320000 - 0x00007ff8ba347000 	C:\Users\Dmitriy\.gradle\native\e1d6ef7f7dcc3fd88c89a11ec53ec762bb8ba0a96d01ffa2cd45eb1d1d8dd5c5\windows-amd64\native-platform.dll
0x00007ff891350000 - 0x00007ff891494000 	C:\Users\Dmitriy\.gradle\native\5664cfc778a61ccfe75a443a1ab52a65af34e5dc3c78e0209fed803814484fcb\windows-amd64\native-platform-file-events.dll
0x00007ff8be700000 - 0x00007ff8be70a000 	E:\PROGRAMMS\Android Studio\jre\bin\management.dll
0x00007ff8be6f0000 - 0x00007ff8be6fd000 	E:\PROGRAMMS\Android Studio\jre\bin\management_ext.dll
0x00007ff8c53a0000 - 0x00007ff8c53b8000 	C:\WINDOWS\SYSTEM32\CRYPTSP.dll
0x00007ff8c4710000 - 0x00007ff8c4744000 	C:\WINDOWS\system32\rsaenh.dll
0x00007ff8c5d10000 - 0x00007ff8c5d37000 	C:\WINDOWS\System32\bcrypt.dll
0x00007ff8c55e0000 - 0x00007ff8c560e000 	C:\WINDOWS\SYSTEM32\USERENV.dll
0x00007ff8c4f60000 - 0x00007ff8c4f6c000 	C:\WINDOWS\SYSTEM32\CRYPTBASE.dll
0x00007ff8c4a80000 - 0x00007ff8c4abb000 	C:\WINDOWS\SYSTEM32\IPHLPAPI.DLL
0x00007ff8c6fa0000 - 0x00007ff8c6fa8000 	C:\WINDOWS\System32\NSI.dll
0x00007ff8ba500000 - 0x00007ff8ba517000 	C:\WINDOWS\SYSTEM32\dhcpcsvc6.DLL
0x00007ff8ba350000 - 0x00007ff8ba36d000 	C:\WINDOWS\SYSTEM32\dhcpcsvc.DLL
0x00007ff8c4ac0000 - 0x00007ff8c4b8b000 	C:\WINDOWS\SYSTEM32\DNSAPI.dll
0x00007ff8c43a0000 - 0x00007ff8c43d3000 	C:\WINDOWS\SYSTEM32\ntmarta.dll
0x00007ff8aed40000 - 0x00007ff8aed67000 	E:\PROGRAMMS\Android Studio\jre\bin\sunec.dll

dbghelp: loaded successfully - version: 4.0.5 - missing functions: none
symbol engine: initialized successfully - sym options: 0x614 - pdb path: .;E:\PROGRAMMS\Android Studio\jre\bin;C:\WINDOWS\SYSTEM32;C:\WINDOWS\WinSxS\amd64_microsoft.windows.common-controls_6595b64144ccf1df_6.0.19041.1110_none_60b5254171f9507e;E:\PROGRAMMS\Android Studio\jre\bin\server;C:\Users\Dmitriy\.gradle\native\e1d6ef7f7dcc3fd88c89a11ec53ec762bb8ba0a96d01ffa2cd45eb1d1d8dd5c5\windows-amd64;C:\Users\Dmitriy\.gradle\native\5664cfc778a61ccfe75a443a1ab52a65af34e5dc3c78e0209fed803814484fcb\windows-amd64

VM Arguments:
jvm_args: --add-opens=java.base/java.util=ALL-UNNAMED --add-opens=java.base/java.lang=ALL-UNNAMED --add-opens=java.base/java.lang.invoke=ALL-UNNAMED --add-opens=java.base/java.util=ALL-UNNAMED --add-opens=java.prefs/java.util.prefs=ALL-UNNAMED --add-opens=java.prefs/java.util.prefs=ALL-UNNAMED --add-opens=java.base/java.nio.charset=ALL-UNNAMED --add-opens=java.base/java.net=ALL-UNNAMED --add-opens=java.base/java.util.concurrent.atomic=ALL-UNNAMED -Xmx2048m -Dfile.encoding=UTF-8 -Duser.country=RU -Duser.language=ru -Duser.variant 
java_command: org.gradle.launcher.daemon.bootstrap.GradleDaemon 7.3.3
java_class_path (initial): C:\Users\Dmitriy\.gradle\wrapper\dists\gradle-7.3.3-bin\6a41zxkdtcxs8rphpq6y0069z\gradle-7.3.3\lib\gradle-launcher-7.3.3.jar
Launcher Type: SUN_STANDARD

[Global flags]
     intx CICompilerCount                          = 3                                         {product} {ergonomic}
     uint ConcGCThreads                            = 1                                         {product} {ergonomic}
     uint G1ConcRefinementThreads                  = 4                                         {product} {ergonomic}
   size_t G1HeapRegionSize                         = 1048576                                   {product} {ergonomic}
    uintx GCDrainStackTargetSize                   = 64                                        {product} {ergonomic}
   size_t InitialHeapSize                          = 134217728                                 {product} {ergonomic}
   size_t MarkStackSize                            = 4194304                                   {product} {ergonomic}
   size_t MaxHeapSize                              = 2147483648                                {product} {command line}
   size_t MaxNewSize                               = 1287651328                                {product} {ergonomic}
   size_t MinHeapDeltaBytes                        = 1048576                                   {product} {ergonomic}
    uintx NonNMethodCodeHeapSize                   = 5830732                                {pd product} {ergonomic}
    uintx NonProfiledCodeHeapSize                  = 122913754                              {pd product} {ergonomic}
    uintx ProfiledCodeHeapSize                     = 122913754                              {pd product} {ergonomic}
    uintx ReservedCodeCacheSize                    = 251658240                              {pd product} {ergonomic}
     bool SegmentedCodeCache                       = true                                      {product} {ergonomic}
     bool UseCompressedClassPointers               = true                                 {lp64_product} {ergonomic}
     bool UseCompressedOops                        = true                                 {lp64_product} {ergonomic}
     bool UseG1GC                                  = true                                      {product} {ergonomic}
     bool UseLargePagesIndividualAllocation        = false                                  {pd product} {ergonomic}

Logging:
Log output configuration:
 #0: stdout all=warning uptime,level,tags
 #1: stderr all=off uptime,level,tags

Environment Variables:
JAVA_HOME=E:\PROGRAMMS\Android Studio\bin
PATH=C:\Program Files (x86)\Embarcadero\Studio\20.0\bin;C:\Users\Public\Documents\Embarcadero\Studio\20.0\Bpl;C:\Program Files (x86)\Embarcadero\Studio\20.0\bin64;C:\Users\Public\Documents\Embarcadero\Studio\20.0\Bpl\Win64;C:\Program Files (x86)\Intel\iCLS Client\;C:\Program Files\Intel\iCLS Client\;C:\Windows\system32;C:\Windows;C:\Windows\System32\Wbem;C:\Windows\System32\WindowsPowerShell\v1.0\;C:\Windows\System32\OpenSSH\;C:\Program Files\dotnet\;C:\Program Files\Microsoft SQL Server\Client SDK\ODBC\170\Tools\Binn\;E:\Progs\Git\cmd;E:\Progs\nodejs\;C:\Program Files (x86)\Intel\Intel(R) Management Engine Components\DAL;C:\Program Files\Intel\Intel(R) Management Engine Components\DAL;C:\Program Files (x86)\Intel\Intel(R) Management Engine Components\IPT;C:\Program Files\Intel\Intel(R) Management Engine Components\IPT;C:\Program Files (x86)\NVIDIA Corporation\PhysX\Common;C:\Program Files\PostgreSQL\11\bin;C:\Program Files\PostgreSQL\11\lib;C:\Program Files\Microsoft SQL Server\Client SDK\ODBC\130\Tools\Binn\;C:\Program Files (x86)\Microsoft SQL Server\140\Tools\Binn\;C:\Program Files\Microsoft SQL Server\140\Tools\Binn\;C:\Program Files\Microsoft SQL Server\140\DTS\Binn\;C:\Program Files\Microsoft SQL Server\130\Tools\Binn\;E:\PROGRAMMS\Git\cmd;C:\Program Files (x86)\Microsoft SDKs\Windows\v10.0A\bin\NETFX 4.6.1 Tools\ildasm.exe;C:\Windows\Microsoft.NET\Framework\v4.0.30319;C:\Program Files (x86)\Microsoft SQL Server\150\Tools\Binn\;C:\Program Files\Microsoft SQL Server\150\Tools\Binn\;C:\Program Files\Microsoft SQL Server\150\DTS\Binn\;C:\ProgramData\chocolatey\bin;C:\WINDOWS\system32;C:\WINDOWS;C:\WINDOWS\System32\Wbem;C:\WINDOWS\System32\WindowsPowerShell\v1.0\;C:\WINDOWS\System32\OpenSSH\;C:\Program Files (x86)\Microsoft SQL Server\150\DTS\Binn\;C:\Program Files\Microsoft SQL Server\120\Tools\Binn\;C:\Program Files (x86)\dotnet\;E:\PROGRAMMS\eclipse-workspace\MMVP\MAKE;C:\Users\Dmitriy\AppData\Local\Microsoft\WindowsApps;C:\Users\Dmitriy\.dotnet\tools;C:\Program 
USERNAME=Dmitriy
OS=Windows_NT
PROCESSOR_IDENTIFIER=Intel64 Family 6 Model 142 Stepping 10, GenuineIntel



---------------  S Y S T E M  ---------------

OS: Windows 10 , 64 bit Build 19041 (10.0.19041.1706)
OS uptime: 0 days 5:21 hours
Hyper-V role detected

CPU:total 4 (initial active 4) (2 cores per cpu, 2 threads per core) family 6 model 142 stepping 10 microcode 0xb4, cmov, cx8, fxsr, mmx, sse, sse2, sse3, ssse3, sse4.1, sse4.2, popcnt, avx, avx2, aes, clmul, erms, 3dnowpref, lzcnt, ht, tsc, tscinvbit, bmi1, bmi2, adx, fma

Memory: 4k page, system-wide physical 8067M (1455M free)
TotalPageFile size 8867M (AvailPageFile size 9M)
current process WorkingSet (physical memory assigned to process): 538M, peak: 559M
current process commit charge ("private bytes"): 645M, peak: 652M

vm_info: OpenJDK 64-Bit Server VM (11.0.12+7-b1504.28-7817840) for windows-amd64 JRE (11.0.12+7-b1504.28-7817840), built on Oct 13 2021 22:12:33 by "builder" with MS VC++ 14.0 (VS2015)

END.
